<?xml version="1.0" encoding="UTF-8"?>
<!-- Generated by org.testng.reporters.JUnitReportReporter -->
<testsuite hostname="NamashivayaG-QA" failures="0" tests="1" name="tests.LoginTest" time="36.285" errors="0" timestamp="2024-11-06T11:31:42 IST" skipped="0">
  <testcase classname="tests.LoginTest" name="testLogin" time="36.285"/>
  <system-out/>
</testsuite> <!-- tests.LoginTest -->
