<?xml version="1.0" encoding="UTF-8"?>
<!-- Generated by org.testng.reporters.JUnitReportReporter -->
<testsuite hostname="NamashivayaG-QA" failures="0" tests="3" name="tests.receivables.ReceivablesBillingTest" time="199.118" errors="0" timestamp="2024-11-05T14:24:48 IST" skipped="0">
  <testcase classname="tests.receivables.ReceivablesBillingTest" name="testBillingModule" time="63.652"/>
  <system-out/>
  <testcase classname="tests.receivables.ReceivablesBillingTest" name="testBillingModule" time="63.858"/>
  <system-out/>
  <testcase classname="tests.receivables.ReceivablesBillingTest" name="testBillingModule" time="71.608"/>
  <system-out/>
</testsuite> <!-- tests.receivables.ReceivablesBillingTest -->
